<?xml version="1.0" encoding="UTF-8"?>
<testsuite xmlns:xsi="http://www.w3.org/2001/XMLSchema-instance" xsi:noNamespaceSchemaLocation="https://maven.apache.org/surefire/maven-surefire-plugin/xsd/surefire-test-report.xsd" name="com.xyz.gwtlogSuite" time="43.248" tests="2" errors="0" skipped="0" failures="0">
  <properties>
[...]
</properties>
  <testcase name="testGreetingService" classname="com.xyz.client.gwtlogTest" time="43.033"/>
  <testcase name="testFieldVerifier" classname="com.xyz.client.gwtlogTest" time="0.031"/>
</testsuite>